-------------------------------------------------------------------------------
Test set: tests.ArticleTests
-------------------------------------------------------------------------------
Tests run: 6, Failures: 0, Errors: 6, Skipped: 0, Time elapsed: 0.673 s <<< FAILURE! - in tests.ArticleTests
testCompareArticleTitle(tests.ArticleTests)  Time elapsed: 0.287 s  <<< ERROR!
java.lang.Exception: Cannot get run platform from env variable. Platform value null

testCompareArticleTitle(tests.ArticleTests)  Time elapsed: 0.297 s  <<< ERROR!
java.lang.NullPointerException

testSwipeArticle(tests.ArticleTests)  Time elapsed: 0.002 s  <<< ERROR!
java.lang.Exception: Cannot get run platform from env variable. Platform value null

testSwipeArticle(tests.ArticleTests)  Time elapsed: 0.003 s  <<< ERROR!
java.lang.NullPointerException

testAssertElementPresent(tests.ArticleTests)  Time elapsed: 0.008 s  <<< ERROR!
java.lang.Exception: Cannot get run platform from env variable. Platform value null

testAssertElementPresent(tests.ArticleTests)  Time elapsed: 0.008 s  <<< ERROR!
java.lang.NullPointerException

